<?xml version="1.0" encoding="UTF-8"?>
<!-- Generated by org.testng.reporters.JUnitReportReporter -->
<testsuite hostname="be9167d810f5" name="com.searchmodule.tests.SearchTest" tests="4" failures="0" timestamp="27 Sep 2020 06:26:43 GMT" time="14.650" errors="0">
  <testcase name="search" time="3.387" classname="com.searchmodule.tests.SearchTest"/>
  <testcase name="search" time="3.546" classname="com.searchmodule.tests.SearchTest"/>
  <testcase name="search" time="4.830" classname="com.searchmodule.tests.SearchTest"/>
  <testcase name="search" time="2.887" classname="com.searchmodule.tests.SearchTest"/>
</testsuite> <!-- com.searchmodule.tests.SearchTest -->
